C:\USERS\AURELIEN\DESKTOP\PROJETS\POO\SMALLWORLD\FINAL\POO\SMALLWORLD\WRAPPER\RELEASE\SOURCE.OBJ
C:\USERS\AURELIEN\DESKTOP\PROJETS\POO\SMALLWORLD\FINAL\POO\SMALLWORLD\WRAPPER\RELEASE\VC110.PDB
C:\USERS\AURELIEN\DESKTOP\PROJETS\POO\SMALLWORLD\FINAL\POO\SMALLWORLD\WRAPPER\RELEASE\.NETFRAMEWORK,VERSION=V4.5.ASSEMBLYATTRIBUTES.OBJ
C:\USERS\AURELIEN\DESKTOP\PROJETS\POO\SMALLWORLD\FINAL\POO\SMALLWORLD\RELEASE\WRAPPER.DLL
C:\USERS\AURELIEN\DESKTOP\PROJETS\POO\SMALLWORLD\FINAL\POO\SMALLWORLD\RELEASE\WRAPPER.PDB
C:\Users\aurelien\Desktop\Projets\Poo\SmallWorld\final\poo\SmallWorld\wrapper\Release\wrapper.vcxprojResolveAssemblyReference.cache
C:\Users\aurelien\Desktop\Projets\Poo\SmallWorld\final\poo\SmallWorld\wrapper\Release\.NETFramework,Version=v4.5.AssemblyAttributes.obj
C:\Users\aurelien\Desktop\Projets\Poo\SmallWorld\final\poo\SmallWorld\wrapper\Release\Source.obj
C:\Users\aurelien\Desktop\Projets\Poo\SmallWorld\final\poo\SmallWorld\wrapper\Release\cl.command.1.tlog
C:\Users\aurelien\Desktop\Projets\Poo\SmallWorld\final\poo\SmallWorld\wrapper\Release\CL.read.1.tlog
C:\Users\aurelien\Desktop\Projets\Poo\SmallWorld\final\poo\SmallWorld\wrapper\Release\CL.write.1.tlog
C:\Users\aurelien\Desktop\Projets\Poo\SmallWorld\final\poo\SmallWorld\wrapper\Release\link-cvtres.read.1.tlog
C:\Users\aurelien\Desktop\Projets\Poo\SmallWorld\final\poo\SmallWorld\wrapper\Release\link-cvtres.write.1.tlog
C:\Users\aurelien\Desktop\Projets\Poo\SmallWorld\final\poo\SmallWorld\wrapper\Release\link-rc.read.1.tlog
C:\Users\aurelien\Desktop\Projets\Poo\SmallWorld\final\poo\SmallWorld\wrapper\Release\link-rc.write.1.tlog
C:\Users\aurelien\Desktop\Projets\Poo\SmallWorld\final\poo\SmallWorld\wrapper\Release\link.command.1.tlog
C:\Users\aurelien\Desktop\Projets\Poo\SmallWorld\final\poo\SmallWorld\wrapper\Release\link.read.1.tlog
C:\Users\aurelien\Desktop\Projets\Poo\SmallWorld\final\poo\SmallWorld\wrapper\Release\link.write.1.tlog
C:\Users\aurelien\Desktop\Projets\Poo\SmallWorld\final\poo\SmallWorld\wrapper\Release\metagen.read.1.tlog
C:\Users\aurelien\Desktop\Projets\Poo\SmallWorld\final\poo\SmallWorld\wrapper\Release\metagen.write.1.tlog
C:\Users\aurelien\Desktop\Projets\Poo\SmallWorld\final\poo\SmallWorld\wrapper\Release\vc110.pdb
C:\Users\aurelien\Desktop\Projets\Poo\SmallWorld\final\poo\SmallWorld\wrapper\Release\RSAENH.DLL.bi
C:\Users\aurelien\Desktop\Projets\Poo\SmallWorld\final\poo\SmallWorld\wrapper\Release\TZRES.DLL.bi
C:\Users\aurelien\Desktop\Projets\Poo\SmallWorld\final\poo\SmallWorld\Release\wrapper.pdb
C:\Users\aurelien\Desktop\Projets\Poo\SmallWorld\final\poo\SmallWorld\Release\wrapper.dll
