C:\USERS\NOëL\GITSW\SMALLWORLD\WRAPPER\DEBUG\.NETFRAMEWORK,VERSION=V4.5.ASSEMBLYATTRIBUTES.OBJ
C:\USERS\NOËL\GITSW\SMALLWORLD\WRAPPER\DEBUG\VC110.PDB
C:\USERS\NOëL\GITSW\SMALLWORLD\WRAPPER\DEBUG\SOURCE.OBJ
C:\USERS\NOëL\GITSW\SMALLWORLD\DEBUG\WRAPPER.ILK
C:\USERS\NOëL\GITSW\SMALLWORLD\DEBUG\WRAPPER.DLL
C:\USERS\NOËL\GITSW\SMALLWORLD\DEBUG\WRAPPER.PDB
C:\Users\Noël\GitSW\SmallWorld\wrapper\Debug\wrapper.vcxprojResolveAssemblyReference.cache
C:\Users\Noël\GitSW\SmallWorld\wrapper\Debug\.NETFramework,Version=v4.5.AssemblyAttributes.obj
C:\Users\Noël\GitSW\SmallWorld\wrapper\Debug\Source.obj
C:\Users\Noël\GitSW\SmallWorld\wrapper\Debug\cl.command.1.tlog
C:\Users\Noël\GitSW\SmallWorld\wrapper\Debug\CL.read.1.tlog
C:\Users\Noël\GitSW\SmallWorld\wrapper\Debug\CL.write.1.tlog
C:\Users\Noël\GitSW\SmallWorld\wrapper\Debug\link.2248-cvtres.read.1.tlog
C:\Users\Noël\GitSW\SmallWorld\wrapper\Debug\link.2248-cvtres.write.1.tlog
C:\Users\Noël\GitSW\SmallWorld\wrapper\Debug\link.2248-rc.read.1.tlog
C:\Users\Noël\GitSW\SmallWorld\wrapper\Debug\link.2248-rc.write.1.tlog
C:\Users\Noël\GitSW\SmallWorld\wrapper\Debug\link.2248.read.1.tlog
C:\Users\Noël\GitSW\SmallWorld\wrapper\Debug\link.2248.write.1.tlog
C:\Users\Noël\GitSW\SmallWorld\wrapper\Debug\link.4828-cvtres.read.1.tlog
C:\Users\Noël\GitSW\SmallWorld\wrapper\Debug\link.4828-cvtres.write.1.tlog
C:\Users\Noël\GitSW\SmallWorld\wrapper\Debug\link.4828-rc.read.1.tlog
C:\Users\Noël\GitSW\SmallWorld\wrapper\Debug\link.4828-rc.write.1.tlog
C:\Users\Noël\GitSW\SmallWorld\wrapper\Debug\link.4828.read.1.tlog
C:\Users\Noël\GitSW\SmallWorld\wrapper\Debug\link.4828.write.1.tlog
C:\Users\Noël\GitSW\SmallWorld\wrapper\Debug\link.6424-cvtres.read.1.tlog
C:\Users\Noël\GitSW\SmallWorld\wrapper\Debug\link.6424-cvtres.write.1.tlog
C:\Users\Noël\GitSW\SmallWorld\wrapper\Debug\link.6424-rc.read.1.tlog
C:\Users\Noël\GitSW\SmallWorld\wrapper\Debug\link.6424-rc.write.1.tlog
C:\Users\Noël\GitSW\SmallWorld\wrapper\Debug\link.6424.read.1.tlog
C:\Users\Noël\GitSW\SmallWorld\wrapper\Debug\link.6424.write.1.tlog
C:\Users\Noël\GitSW\SmallWorld\wrapper\Debug\link.6948-cvtres.read.1.tlog
C:\Users\Noël\GitSW\SmallWorld\wrapper\Debug\link.6948-cvtres.write.1.tlog
C:\Users\Noël\GitSW\SmallWorld\wrapper\Debug\link.6948-rc.read.1.tlog
C:\Users\Noël\GitSW\SmallWorld\wrapper\Debug\link.6948-rc.write.1.tlog
C:\Users\Noël\GitSW\SmallWorld\wrapper\Debug\link.6948.read.1.tlog
C:\Users\Noël\GitSW\SmallWorld\wrapper\Debug\link.6948.write.1.tlog
C:\Users\Noël\GitSW\SmallWorld\wrapper\Debug\link.788-cvtres.read.1.tlog
C:\Users\Noël\GitSW\SmallWorld\wrapper\Debug\link.788-cvtres.write.1.tlog
C:\Users\Noël\GitSW\SmallWorld\wrapper\Debug\link.788-rc.read.1.tlog
C:\Users\Noël\GitSW\SmallWorld\wrapper\Debug\link.788-rc.write.1.tlog
C:\Users\Noël\GitSW\SmallWorld\wrapper\Debug\link.788.read.1.tlog
C:\Users\Noël\GitSW\SmallWorld\wrapper\Debug\link.788.write.1.tlog
C:\Users\Noël\GitSW\SmallWorld\wrapper\Debug\link.command.1.tlog
C:\Users\Noël\GitSW\SmallWorld\wrapper\Debug\link.read.1.tlog
C:\Users\Noël\GitSW\SmallWorld\wrapper\Debug\link.write.1.tlog
C:\Users\Noël\GitSW\SmallWorld\wrapper\Debug\metagen.read.1.tlog
C:\Users\Noël\GitSW\SmallWorld\wrapper\Debug\metagen.write.1.tlog
C:\Users\Noël\GitSW\SmallWorld\wrapper\Debug\vc110.pdb
C:\Users\Noël\GitSW\SmallWorld\wrapper\Debug\TZRES.DLL.bi
C:\Users\Noël\GitSW\SmallWorld\Debug\wrapper.pdb
C:\Users\Noël\GitSW\SmallWorld\Debug\wrapper.dll
C:\Users\Noël\GitSW\SmallWorld\Debug\wrapper.ilk
