La génération a démarré 05/12/2013 11:37:38.
     1>Projet "H:\POO\Projet\SmallWorld\wrapper\wrapper.vcxproj" sur le nœud 2 (Rebuild cible(s)).
     1>_PrepareForClean:
         Suppression du fichier "Debug\wrapper.lastbuildstate".
       InitializeBuildStatus:
         Création de "Debug\wrapper.unsuccessfulbuild", car "AlwaysCreate" a été spécifié.
       GenerateTargetFrameworkMonikerAttribute:
       La cible est ignorée "GenerateTargetFrameworkMonikerAttribute", car tous les fichiers de sortie sont à jour par rapport aux fichiers d'entrée.
       ClCompile:
         C:\Program Files (x86)\Microsoft Visual Studio 11.0\VC\bin\CL.exe /c /AI"C:\Program Files (x86)\Reference Assemblies\Microsoft\Framework\.NETFramework\v4.5\\" /AI"C:\Program Files (x86)\Windows Kits\8.0\References\CommonConfiguration\Neutral" /AI"C:\Program Files (x86)\Reference Assemblies\Microsoft\Framework\.NETFramework\v4.5\Facades\\" /Zi /clr /nologo /W3 /WX- /Od /Oy- /D WIN32 /D _DEBUG /D _WINDLL /D _UNICODE /D UNICODE /EHa /MDd /GS /fp:precise /Zc:wchar_t /Zc:forScope /Fo"Debug\\" /Fd"Debug\vc110.pdb" /TP /FU"C:\Program Files (x86)\Reference Assemblies\Microsoft\Framework\.NETFramework\v4.5\mscorlib.dll" /analyze- /errorReport:prompt /clr:nostdlib Source.cpp
         Source.cpp
         C:\Program Files (x86)\Microsoft Visual Studio 11.0\VC\bin\CL.exe /c /Zi /clr /nologo /W3 /WX- /Od /Oy- /D WIN32 /D _DEBUG /D _WINDLL /D _UNICODE /D UNICODE /EHa /MDd /GS /fp:precise /Zc:wchar_t /Zc:forScope /Fo"Debug\\" /Fd"Debug\vc110.pdb" /TP /analyze- /errorReport:prompt "C:\Users\ahebert\AppData\Local\Temp\.NETFramework,Version=v4.5.AssemblyAttributes.cpp"
         .NETFramework,Version=v4.5.AssemblyAttributes.cpp
       Link:
         C:\Program Files (x86)\Microsoft Visual Studio 11.0\VC\bin\link.exe /ERRORREPORT:PROMPT /OUT:"H:\POO\Projet\SmallWorld\Debug\wrapper.dll" /INCREMENTAL /NOLOGO /MANIFEST /MANIFESTUAC:"level='asInvoker' uiAccess='false'" /manifest:embed /DEBUG /PDB:"H:\POO\Projet\SmallWorld\Debug\wrapper.pdb" /ASSEMBLYDEBUG /TLBID:1 /DYNAMICBASE /FIXED:NO /NXCOMPAT /MACHINE:X86 /DLL Debug\Source.obj
         "Debug\.NETFramework,Version=v4.5.AssemblyAttributes.obj"
     1>lib_genCarte.lib(Source.obj) : warning LNK4075: ' /EDITANDCONTINUE' ignorÚ Ó cause de la spÚcification '/OPT:LBR'
         wrapper.vcxproj -> H:\POO\Projet\SmallWorld\Debug\wrapper.dll
       FinalizeBuildStatus:
         Suppression du fichier "Debug\wrapper.unsuccessfulbuild".
         Mise à jour de l'horodatage "Debug\wrapper.lastbuildstate".
     1>Génération du projet "H:\POO\Projet\SmallWorld\wrapper\wrapper.vcxproj" terminée (Rebuild cible(s)).

La génération a réussi.

Temps écoulé 00:00:02.28
