C:\USERS\AURELIEN\DESKTOP\PROJETS\POO\SMALLWORLD\FINAL\POO\SMALLWORLD\LIB_GENCARTE\RELEASE\SOURCE.OBJ
C:\USERS\AURELIEN\DESKTOP\PROJETS\POO\SMALLWORLD\FINAL\POO\SMALLWORLD\LIB_GENCARTE\RELEASE\VC110.PDB
C:\USERS\AURELIEN\DESKTOP\PROJETS\POO\SMALLWORLD\FINAL\POO\SMALLWORLD\RELEASE\LIB_GENCARTE.LIB
C:\USERS\AURELIEN\DESKTOP\PROJETS\POO\SMALLWORLD\FINAL\POO\SMALLWORLD\LIB_GENCARTE\RELEASE\LIB_GENCARTE.RES
C:\Users\aurelien\Desktop\Projets\Poo\SmallWorld\final\poo\SmallWorld\lib_genCarte\Release\Source.obj
C:\Users\aurelien\Desktop\Projets\Poo\SmallWorld\final\poo\SmallWorld\lib_genCarte\Release\cl.command.1.tlog
C:\Users\aurelien\Desktop\Projets\Poo\SmallWorld\final\poo\SmallWorld\lib_genCarte\Release\CL.read.1.tlog
C:\Users\aurelien\Desktop\Projets\Poo\SmallWorld\final\poo\SmallWorld\lib_genCarte\Release\CL.write.1.tlog
C:\Users\aurelien\Desktop\Projets\Poo\SmallWorld\final\poo\SmallWorld\lib_genCarte\Release\Lib-link-cvtres.read.1.tlog
C:\Users\aurelien\Desktop\Projets\Poo\SmallWorld\final\poo\SmallWorld\lib_genCarte\Release\Lib-link-cvtres.write.1.tlog
C:\Users\aurelien\Desktop\Projets\Poo\SmallWorld\final\poo\SmallWorld\lib_genCarte\Release\Lib-link.read.1.tlog
C:\Users\aurelien\Desktop\Projets\Poo\SmallWorld\final\poo\SmallWorld\lib_genCarte\Release\Lib-link.write.1.tlog
C:\Users\aurelien\Desktop\Projets\Poo\SmallWorld\final\poo\SmallWorld\lib_genCarte\Release\lib.command.1.tlog
C:\Users\aurelien\Desktop\Projets\Poo\SmallWorld\final\poo\SmallWorld\lib_genCarte\Release\link.command.1.tlog
C:\Users\aurelien\Desktop\Projets\Poo\SmallWorld\final\poo\SmallWorld\lib_genCarte\Release\link.read.1.tlog
C:\Users\aurelien\Desktop\Projets\Poo\SmallWorld\final\poo\SmallWorld\lib_genCarte\Release\link.write.1.tlog
C:\Users\aurelien\Desktop\Projets\Poo\SmallWorld\final\poo\SmallWorld\lib_genCarte\Release\rc.command.1.tlog
C:\Users\aurelien\Desktop\Projets\Poo\SmallWorld\final\poo\SmallWorld\lib_genCarte\Release\rc.read.1.tlog
C:\Users\aurelien\Desktop\Projets\Poo\SmallWorld\final\poo\SmallWorld\lib_genCarte\Release\rc.write.1.tlog
C:\Users\aurelien\Desktop\Projets\Poo\SmallWorld\final\poo\SmallWorld\lib_genCarte\Release\lib_genCarte.res
C:\Users\aurelien\Desktop\Projets\Poo\SmallWorld\final\poo\SmallWorld\lib_genCarte\Release\vc110.pdb
C:\Users\aurelien\Desktop\Projets\Poo\SmallWorld\final\poo\SmallWorld\Release\lib_genCarte.lib
