H:\POO\PROJET\SMALLWORLD\LIB_GENCARTE\DEBUG\SOURCE.OBJ
H:\POO\PROJET\SMALLWORLD\LIB_GENCARTE\DEBUG\VC110.PDB
H:\POO\PROJET\SMALLWORLD\LIB_GENCARTE\DEBUG\LIB_GENCARTE.RES
H:\POO\PROJET\SMALLWORLD\DEBUG\LIB_GENCARTE.LIB
H:\POO\Projet\SmallWorld\lib_genCarte\Debug\Source.obj
H:\POO\Projet\SmallWorld\lib_genCarte\Debug\CL.read.1.tlog
H:\POO\Projet\SmallWorld\lib_genCarte\Debug\CL.write.1.tlog
H:\POO\Projet\SmallWorld\lib_genCarte\Debug\cl.command.1.tlog
H:\POO\Projet\SmallWorld\lib_genCarte\Debug\rc.read.1.tlog
H:\POO\Projet\SmallWorld\lib_genCarte\Debug\rc.write.1.tlog
H:\POO\Projet\SmallWorld\lib_genCarte\Debug\rc.command.1.tlog
H:\POO\Projet\SmallWorld\lib_genCarte\Debug\Lib-link-cvtres.read.1.tlog
H:\POO\Projet\SmallWorld\lib_genCarte\Debug\Lib-link-cvtres.write.1.tlog
H:\POO\Projet\SmallWorld\lib_genCarte\Debug\Lib-link.read.1.tlog
H:\POO\Projet\SmallWorld\lib_genCarte\Debug\Lib-link.write.1.tlog
H:\POO\Projet\SmallWorld\lib_genCarte\Debug\lib.command.1.tlog
H:\POO\Projet\SmallWorld\lib_genCarte\Debug\lib_genCarte.res
H:\POO\Projet\SmallWorld\lib_genCarte\Debug\vc110.idb
H:\POO\Projet\SmallWorld\lib_genCarte\Debug\vc110.pdb
H:\POO\Projet\SmallWorld\Debug\lib_genCarte.lib
