La génération a démarré 05/12/2013 11:37:36.
     1>Projet "H:\POO\Projet\SmallWorld\lib_genCarte\lib_genCarte.vcxproj" sur le nœud 2 (Rebuild cible(s)).
     1>_PrepareForClean:
         Suppression du fichier "Debug\lib_genCarte.lastbuildstate".
       InitializeBuildStatus:
         Création de "Debug\lib_genCarte.unsuccessfulbuild", car "AlwaysCreate" a été spécifié.
       ClCompile:
         C:\Program Files (x86)\Microsoft Visual Studio 11.0\VC\bin\CL.exe /c /ZI /nologo /W3 /WX- /Od /Oy- /D _MBCS /Gm /EHsc /RTC1 /MDd /GS /fp:precise /Zc:wchar_t /Zc:forScope /Fo"Debug\\" /Fd"Debug\vc110.pdb" /Gd /TP /analyze- /errorReport:prompt Source.cpp
         Source.cpp
     1>h:\poo\projet\smallworld\lib_gencarte\source.cpp(24): warning C4244: 'argument' : conversion de 'time_t' en 'unsigned int', perte possible de données
       ResourceCompile:
         C:\Program Files (x86)\Windows Kits\8.0\bin\x86\rc.exe /l"0x0409" /nologo /fo"Debug\lib_genCarte.res" lib_genCarte.rc 
       Lib:
         C:\Program Files (x86)\Microsoft Visual Studio 11.0\VC\bin\Lib.exe /OUT:"H:\POO\Projet\SmallWorld\Debug\lib_genCarte.lib" /NOLOGO Debug\lib_genCarte.res
         Debug\Source.obj
     1>LINK : warning LNK4068: /MACHINE non spÚcifiÚá; X86 pris par dÚfaut
         lib_genCarte.vcxproj -> H:\POO\Projet\SmallWorld\Debug\lib_genCarte.lib
       FinalizeBuildStatus:
         Suppression du fichier "Debug\lib_genCarte.unsuccessfulbuild".
         Mise à jour de l'horodatage "Debug\lib_genCarte.lastbuildstate".
     1>Génération du projet "H:\POO\Projet\SmallWorld\lib_genCarte\lib_genCarte.vcxproj" terminée (Rebuild cible(s)).

La génération a réussi.

Temps écoulé 00:00:01.90
